CGI Logs will appear here

[13-Feb-2023 18:12:51 UTC] PHP Parse error:  syntax error, unexpected token ";", expecting "function" or "const" in C:\www\php\zionlight\app\lib\classes\system\helpers\FileSystem.php on line 85
[13-Feb-2023 18:15:31 UTC] PHP Parse error:  syntax error, unexpected token ";", expecting "function" or "const" in C:\www\php\zionlight\app\lib\classes\system\helpers\FileSystem.php on line 85
[13-Feb-2023 18:16:27 UTC] PHP Fatal error:  Uncaught Error: Class "Style" not found in C:\www\php\zionlight\app\lib\classes\system\helpers\FileSystem.php:16
Stack trace:
#0 C:\www\php\zionlight\app\lib\functions\system\internals.php(12): FileSystem->__construct(1)
#1 C:\www\php\zionlight\app\lib\classes\system\core\App.php(276): loadEnv('C:\\www\\php\\zion...')
#2 C:\www\php\zionlight\app\init.php(17): App::initialize(Object(stdClass))
#3 C:\www\php\zionlight\public\index.php(1): require_once('C:\\www\\php\\zion...')
#4 {main}
  thrown in C:\www\php\zionlight\app\lib\classes\system\helpers\FileSystem.php on line 16
[13-Feb-2023 18:16:53 UTC] PHP Fatal error:  Uncaught Error: Class "vilshub\Helpers\Style" not found in C:\www\php\zionlight\app\lib\classes\system\helpers\FileSystem.php:17
Stack trace:
#0 C:\www\php\zionlight\app\lib\functions\system\internals.php(12): FileSystem->__construct(1)
#1 C:\www\php\zionlight\app\lib\classes\system\core\App.php(276): loadEnv('C:\\www\\php\\zion...')
#2 C:\www\php\zionlight\app\init.php(17): App::initialize(Object(stdClass))
#3 C:\www\php\zionlight\public\index.php(1): require_once('C:\\www\\php\\zion...')
#4 {main}
  thrown in C:\www\php\zionlight\app\lib\classes\system\helpers\FileSystem.php on line 17
[13-Feb-2023 18:17:01 UTC] PHP Fatal error:  Uncaught Error: Class "vilshub\Helpers\Style" not found in C:\www\php\zionlight\app\lib\classes\system\helpers\FileSystem.php:17
Stack trace:
#0 C:\www\php\zionlight\app\lib\functions\system\internals.php(12): FileSystem->__construct(1)
#1 C:\www\php\zionlight\app\lib\classes\system\core\App.php(276): loadEnv('C:\\www\\php\\zion...')
#2 C:\www\php\zionlight\app\init.php(17): App::initialize(Object(stdClass))
#3 C:\www\php\zionlight\public\index.php(1): require_once('C:\\www\\php\\zion...')
#4 {main}
  thrown in C:\www\php\zionlight\app\lib\classes\system\helpers\FileSystem.php on line 17
[13-Feb-2023 18:18:06 UTC] PHP Fatal error:  Uncaught Error: Class "vilshub\Helpers\Style" not found in C:\www\php\zionlight\app\lib\classes\system\helpers\FileSystem.php:18
Stack trace:
#0 C:\www\php\zionlight\app\lib\functions\system\internals.php(12): FileSystem->__construct(1)
#1 C:\www\php\zionlight\app\lib\classes\system\core\App.php(276): loadEnv('C:\\www\\php\\zion...')
#2 C:\www\php\zionlight\app\init.php(17): App::initialize(Object(stdClass))
#3 C:\www\php\zionlight\public\index.php(1): require_once('C:\\www\\php\\zion...')
#4 {main}
  thrown in C:\www\php\zionlight\app\lib\classes\system\helpers\FileSystem.php on line 18
[13-Feb-2023 18:18:58 UTC] PHP Fatal error:  Uncaught Error: Class "vilshub\Helpers\Style" not found in C:\www\php\zionlight\app\lib\classes\system\helpers\FileSystem.php:18
Stack trace:
#0 C:\www\php\zionlight\app\lib\functions\system\internals.php(12): FileSystem->__construct(1)
#1 C:\www\php\zionlight\app\lib\classes\system\core\App.php(276): loadEnv('C:\\www\\php\\zion...')
#2 C:\www\php\zionlight\app\init.php(17): App::initialize(Object(stdClass))
#3 C:\www\php\zionlight\public\index.php(1): require_once('C:\\www\\php\\zion...')
#4 {main}
  thrown in C:\www\php\zionlight\app\lib\classes\system\helpers\FileSystem.php on line 18
[13-Feb-2023 18:19:34 UTC] PHP Fatal error:  Uncaught Error: Class "vilshub\Helpers\Style" not found in C:\www\php\zionlight\app\lib\classes\system\helpers\FileSystem.php:18
Stack trace:
#0 C:\www\php\zionlight\app\lib\functions\system\internals.php(12): FileSystem->__construct(1)
#1 C:\www\php\zionlight\app\lib\classes\system\core\App.php(276): loadEnv('C:\\www\\php\\zion...')
#2 C:\www\php\zionlight\app\init.php(17): App::initialize(Object(stdClass))
#3 C:\www\php\zionlight\public\index.php(1): require_once('C:\\www\\php\\zion...')
#4 {main}
  thrown in C:\www\php\zionlight\app\lib\classes\system\helpers\FileSystem.php on line 18
[13-Feb-2023 18:19:37 UTC] PHP Fatal error:  Uncaught Error: Class "vilshub\Helpers\Style" not found in C:\www\php\zionlight\app\lib\classes\system\helpers\FileSystem.php:18
Stack trace:
#0 C:\www\php\zionlight\app\lib\functions\system\internals.php(12): FileSystem->__construct(1)
#1 C:\www\php\zionlight\app\lib\classes\system\core\App.php(276): loadEnv('C:\\www\\php\\zion...')
#2 C:\www\php\zionlight\app\init.php(17): App::initialize(Object(stdClass))
#3 C:\www\php\zionlight\public\index.php(1): require_once('C:\\www\\php\\zion...')
#4 {main}
  thrown in C:\www\php\zionlight\app\lib\classes\system\helpers\FileSystem.php on line 18
[13-Feb-2023 18:19:55 UTC] PHP Fatal error:  Uncaught Error: Class "vilshub\Helpers\Style" not found in C:\www\php\zionlight\app\lib\classes\system\helpers\FileSystem.php:18
Stack trace:
#0 C:\www\php\zionlight\app\lib\functions\system\internals.php(12): FileSystem->__construct(1)
#1 C:\www\php\zionlight\app\lib\classes\system\core\App.php(276): loadEnv('C:\\www\\php\\zion...')
#2 C:\www\php\zionlight\app\init.php(17): App::initialize(Object(stdClass))
#3 C:\www\php\zionlight\public\index.php(1): require_once('C:\\www\\php\\zion...')
#4 {main}
  thrown in C:\www\php\zionlight\app\lib\classes\system\helpers\FileSystem.php on line 18
[13-Feb-2023 18:19:57 UTC] PHP Fatal error:  Uncaught Error: Class "vilshub\Helpers\Style" not found in C:\www\php\zionlight\app\lib\classes\system\helpers\FileSystem.php:18
Stack trace:
#0 C:\www\php\zionlight\app\lib\functions\system\internals.php(12): FileSystem->__construct(1)
#1 C:\www\php\zionlight\app\lib\classes\system\core\App.php(276): loadEnv('C:\\www\\php\\zion...')
#2 C:\www\php\zionlight\app\init.php(17): App::initialize(Object(stdClass))
#3 C:\www\php\zionlight\public\index.php(1): require_once('C:\\www\\php\\zion...')
#4 {main}
  thrown in C:\www\php\zionlight\app\lib\classes\system\helpers\FileSystem.php on line 18
[13-Feb-2023 18:20:22 UTC] PHP Fatal error:  Uncaught Error: Class "vilshub\Helpers\Style" not found in C:\www\php\zionlight\app\lib\classes\system\helpers\FileSystem.php:18
Stack trace:
#0 C:\www\php\zionlight\app\lib\functions\system\internals.php(12): FileSystem->__construct(1)
#1 C:\www\php\zionlight\app\lib\classes\system\core\App.php(276): loadEnv('C:\\www\\php\\zion...')
#2 C:\www\php\zionlight\app\init.php(17): App::initialize(Object(stdClass))
#3 C:\www\php\zionlight\public\index.php(1): require_once('C:\\www\\php\\zion...')
#4 {main}
  thrown in C:\www\php\zionlight\app\lib\classes\system\helpers\FileSystem.php on line 18
[13-Feb-2023 18:20:23 UTC] PHP Fatal error:  Uncaught Error: Class "vilshub\Helpers\Style" not found in C:\www\php\zionlight\app\lib\classes\system\helpers\FileSystem.php:18
Stack trace:
#0 C:\www\php\zionlight\app\lib\functions\system\internals.php(12): FileSystem->__construct(1)
#1 C:\www\php\zionlight\app\lib\classes\system\core\App.php(276): loadEnv('C:\\www\\php\\zion...')
#2 C:\www\php\zionlight\app\init.php(17): App::initialize(Object(stdClass))
#3 C:\www\php\zionlight\public\index.php(1): require_once('C:\\www\\php\\zion...')
#4 {main}
  thrown in C:\www\php\zionlight\app\lib\classes\system\helpers\FileSystem.php on line 18
[13-Feb-2023 18:20:40 UTC] PHP Fatal error:  Uncaught Error: Class "vilshub\Helpers\Style" not found in C:\www\php\zionlight\app\lib\classes\system\helpers\FileSystem.php:18
Stack trace:
#0 C:\www\php\zionlight\app\lib\functions\system\internals.php(12): FileSystem->__construct(1)
#1 C:\www\php\zionlight\app\lib\classes\system\core\App.php(276): loadEnv('C:\\www\\php\\zion...')
#2 C:\www\php\zionlight\app\init.php(17): App::initialize(Object(stdClass))
#3 C:\www\php\zionlight\public\index.php(1): require_once('C:\\www\\php\\zion...')
#4 {main}
  thrown in C:\www\php\zionlight\app\lib\classes\system\helpers\FileSystem.php on line 18
[13-Feb-2023 18:20:41 UTC] PHP Fatal error:  Uncaught Error: Class "vilshub\Helpers\Style" not found in C:\www\php\zionlight\app\lib\classes\system\helpers\FileSystem.php:18
Stack trace:
#0 C:\www\php\zionlight\app\lib\functions\system\internals.php(12): FileSystem->__construct(1)
#1 C:\www\php\zionlight\app\lib\classes\system\core\App.php(276): loadEnv('C:\\www\\php\\zion...')
#2 C:\www\php\zionlight\app\init.php(17): App::initialize(Object(stdClass))
#3 C:\www\php\zionlight\public\index.php(1): require_once('C:\\www\\php\\zion...')
#4 {main}
  thrown in C:\www\php\zionlight\app\lib\classes\system\helpers\FileSystem.php on line 18
[13-Feb-2023 18:20:42 UTC] PHP Fatal error:  Uncaught Error: Class "vilshub\Helpers\Style" not found in C:\www\php\zionlight\app\lib\classes\system\helpers\FileSystem.php:18
Stack trace:
#0 C:\www\php\zionlight\app\lib\functions\system\internals.php(12): FileSystem->__construct(1)
#1 C:\www\php\zionlight\app\lib\classes\system\core\App.php(276): loadEnv('C:\\www\\php\\zion...')
#2 C:\www\php\zionlight\app\init.php(17): App::initialize(Object(stdClass))
#3 C:\www\php\zionlight\public\index.php(1): require_once('C:\\www\\php\\zion...')
#4 {main}
  thrown in C:\www\php\zionlight\app\lib\classes\system\helpers\FileSystem.php on line 18
[13-Feb-2023 18:25:15 UTC] PHP Fatal error:  Uncaught Error: Class "vilshub\Helpers\Style" not found in C:\www\php\zionlight\app\lib\classes\system\helpers\FileSystem.php:18
Stack trace:
#0 C:\www\php\zionlight\app\lib\functions\system\internals.php(12): FileSystem->__construct('uu')
#1 C:\www\php\zionlight\app\lib\classes\system\core\App.php(276): loadEnv('C:\\www\\php\\zion...')
#2 C:\www\php\zionlight\app\init.php(17): App::initialize(Object(stdClass))
#3 C:\www\php\zionlight\public\index.php(1): require_once('C:\\www\\php\\zion...')
#4 {main}
  thrown in C:\www\php\zionlight\app\lib\classes\system\helpers\FileSystem.php on line 18
[13-Feb-2023 18:25:53 UTC] PHP Fatal error:  Uncaught Error: Class "vilshub\Helpers\Style" not found in C:\www\php\zionlight\app\lib\classes\system\helpers\FileSystem.php:40
Stack trace:
#0 C:\www\php\zionlight\app\lib\functions\system\internals.php(13): FileSystem->readContent('text', NULL, Object(Closure))
#1 C:\www\php\zionlight\app\lib\classes\system\core\App.php(276): loadEnv('C:\\www\\php\\zion...')
#2 C:\www\php\zionlight\app\init.php(17): App::initialize(Object(stdClass))
#3 C:\www\php\zionlight\public\index.php(1): require_once('C:\\www\\php\\zion...')
#4 {main}
  thrown in C:\www\php\zionlight\app\lib\classes\system\helpers\FileSystem.php on line 40
[13-Feb-2023 18:26:38 UTC] PHP Fatal error:  Uncaught Error: Class "vilshub\Helpers\Style" not found in C:\www\php\zionlight\app\lib\classes\system\helpers\FileSystem.php:40
Stack trace:
#0 C:\www\php\zionlight\app\lib\functions\system\internals.php(13): FileSystem->readContent('text', NULL, Object(Closure))
#1 C:\www\php\zionlight\app\lib\classes\system\core\App.php(276): loadEnv('C:\\www\\php\\zion...')
#2 C:\www\php\zionlight\app\init.php(17): App::initialize(Object(stdClass))
#3 C:\www\php\zionlight\public\index.php(1): require_once('C:\\www\\php\\zion...')
#4 {main}
  thrown in C:\www\php\zionlight\app\lib\classes\system\helpers\FileSystem.php on line 40
[13-Feb-2023 18:26:39 UTC] PHP Fatal error:  Uncaught Error: Class "vilshub\Helpers\Style" not found in C:\www\php\zionlight\app\lib\classes\system\helpers\FileSystem.php:40
Stack trace:
#0 C:\www\php\zionlight\app\lib\functions\system\internals.php(13): FileSystem->readContent('text', NULL, Object(Closure))
#1 C:\www\php\zionlight\app\lib\classes\system\core\App.php(276): loadEnv('C:\\www\\php\\zion...')
#2 C:\www\php\zionlight\app\init.php(17): App::initialize(Object(stdClass))
#3 C:\www\php\zionlight\public\index.php(1): require_once('C:\\www\\php\\zion...')
#4 {main}
  thrown in C:\www\php\zionlight\app\lib\classes\system\helpers\FileSystem.php on line 40
[13-Feb-2023 18:26:40 UTC] PHP Fatal error:  Uncaught Error: Class "vilshub\Helpers\Style" not found in C:\www\php\zionlight\app\lib\classes\system\helpers\FileSystem.php:40
Stack trace:
#0 C:\www\php\zionlight\app\lib\functions\system\internals.php(13): FileSystem->readContent('text', NULL, Object(Closure))
#1 C:\www\php\zionlight\app\lib\classes\system\core\App.php(276): loadEnv('C:\\www\\php\\zion...')
#2 C:\www\php\zionlight\app\init.php(17): App::initialize(Object(stdClass))
#3 C:\www\php\zionlight\public\index.php(1): require_once('C:\\www\\php\\zion...')
#4 {main}
  thrown in C:\www\php\zionlight\app\lib\classes\system\helpers\FileSystem.php on line 40
[13-Feb-2023 18:27:24 UTC] PHP Fatal error:  Uncaught Error: Class "vilshub\Helpers\Style" not found in C:\www\php\zionlight\app\lib\classes\system\helpers\FileSystem.php:40
Stack trace:
#0 C:\www\php\zionlight\app\lib\functions\system\internals.php(14): FileSystem->readContent('text', NULL, Object(Closure))
#1 C:\www\php\zionlight\app\lib\classes\system\core\App.php(276): loadEnv('C:\\www\\php\\zion...')
#2 C:\www\php\zionlight\app\init.php(17): App::initialize(Object(stdClass))
#3 C:\www\php\zionlight\public\index.php(1): require_once('C:\\www\\php\\zion...')
#4 {main}
  thrown in C:\www\php\zionlight\app\lib\classes\system\helpers\FileSystem.php on line 40
[13-Feb-2023 18:27:26 UTC] PHP Fatal error:  Uncaught Error: Class "vilshub\Helpers\Style" not found in C:\www\php\zionlight\app\lib\classes\system\helpers\FileSystem.php:40
Stack trace:
#0 C:\www\php\zionlight\app\lib\functions\system\internals.php(14): FileSystem->readContent('text', NULL, Object(Closure))
#1 C:\www\php\zionlight\app\lib\classes\system\core\App.php(276): loadEnv('C:\\www\\php\\zion...')
#2 C:\www\php\zionlight\app\init.php(17): App::initialize(Object(stdClass))
#3 C:\www\php\zionlight\public\index.php(1): require_once('C:\\www\\php\\zion...')
#4 {main}
  thrown in C:\www\php\zionlight\app\lib\classes\system\helpers\FileSystem.php on line 40
[13-Feb-2023 18:32:22 UTC] PHP Fatal error:  Uncaught Error: Class "vilshub\Helpers\Style" not found in C:\www\php\zionlight\app\lib\classes\system\helpers\FileSystem.php:38
Stack trace:
#0 C:\www\php\zionlight\app\lib\functions\system\internals.php(14): FileSystem->readContent('text', NULL, Object(Closure))
#1 C:\www\php\zionlight\app\lib\classes\system\core\App.php(276): loadEnv('C:\\www\\php\\zion...')
#2 C:\www\php\zionlight\app\init.php(17): App::initialize(Object(stdClass))
#3 C:\www\php\zionlight\public\index.php(1): require_once('C:\\www\\php\\zion...')
#4 {main}
  thrown in C:\www\php\zionlight\app\lib\classes\system\helpers\FileSystem.php on line 38
[13-Feb-2023 18:32:33 UTC] PHP Fatal error:  Uncaught Error: Class "vilshub\Helpers\Style" not found in C:\www\php\zionlight\app\lib\classes\system\helpers\FileSystem.php:38
Stack trace:
#0 C:\www\php\zionlight\app\lib\functions\system\internals.php(14): FileSystem->readContent('text', NULL, Object(Closure))
#1 C:\www\php\zionlight\app\lib\classes\system\core\App.php(276): loadEnv('C:\\www\\php\\zion...')
#2 C:\www\php\zionlight\app\init.php(17): App::initialize(Object(stdClass))
#3 C:\www\php\zionlight\public\index.php(1): require_once('C:\\www\\php\\zion...')
#4 {main}
  thrown in C:\www\php\zionlight\app\lib\classes\system\helpers\FileSystem.php on line 38
[13-Feb-2023 18:32:34 UTC] PHP Fatal error:  Uncaught Error: Class "vilshub\Helpers\Style" not found in C:\www\php\zionlight\app\lib\classes\system\helpers\FileSystem.php:38
Stack trace:
#0 C:\www\php\zionlight\app\lib\functions\system\internals.php(14): FileSystem->readContent('text', NULL, Object(Closure))
#1 C:\www\php\zionlight\app\lib\classes\system\core\App.php(276): loadEnv('C:\\www\\php\\zion...')
#2 C:\www\php\zionlight\app\init.php(17): App::initialize(Object(stdClass))
#3 C:\www\php\zionlight\public\index.php(1): require_once('C:\\www\\php\\zion...')
#4 {main}
  thrown in C:\www\php\zionlight\app\lib\classes\system\helpers\FileSystem.php on line 38
[13-Feb-2023 18:32:46 UTC] PHP Fatal error:  Uncaught Error: Class "Style" not found in C:\www\php\zionlight\app\lib\classes\system\helpers\FileSystem.php:38
Stack trace:
#0 C:\www\php\zionlight\app\lib\functions\system\internals.php(14): FileSystem->readContent('text', NULL, Object(Closure))
#1 C:\www\php\zionlight\app\lib\classes\system\core\App.php(276): loadEnv('C:\\www\\php\\zion...')
#2 C:\www\php\zionlight\app\init.php(17): App::initialize(Object(stdClass))
#3 C:\www\php\zionlight\public\index.php(1): require_once('C:\\www\\php\\zion...')
#4 {main}
  thrown in C:\www\php\zionlight\app\lib\classes\system\helpers\FileSystem.php on line 38
[13-Feb-2023 18:33:06 UTC] PHP Fatal error:  Uncaught Error: Class "vilshub\Helpers\Style" not found in C:\www\php\zionlight\app\lib\classes\system\helpers\FileSystem.php:38
Stack trace:
#0 C:\www\php\zionlight\app\lib\functions\system\internals.php(14): FileSystem->readContent('text', NULL, Object(Closure))
#1 C:\www\php\zionlight\app\lib\classes\system\core\App.php(276): loadEnv('C:\\www\\php\\zion...')
#2 C:\www\php\zionlight\app\init.php(17): App::initialize(Object(stdClass))
#3 C:\www\php\zionlight\public\index.php(1): require_once('C:\\www\\php\\zion...')
#4 {main}
  thrown in C:\www\php\zionlight\app\lib\classes\system\helpers\FileSystem.php on line 38
[13-Feb-2023 18:34:04 UTC] PHP Fatal error:  Uncaught Error: Class "vilshub\Helpers\Style" not found in C:\www\php\zionlight\app\lib\classes\system\helpers\FileSystem.php:38
Stack trace:
#0 C:\www\php\zionlight\app\lib\functions\system\internals.php(14): FileSystem->readContent('text', NULL, Object(Closure))
#1 C:\www\php\zionlight\app\lib\classes\system\core\App.php(276): loadEnv('C:\\www\\php\\zion...')
#2 C:\www\php\zionlight\app\init.php(17): App::initialize(Object(stdClass))
#3 C:\www\php\zionlight\public\index.php(1): require_once('C:\\www\\php\\zion...')
#4 {main}
  thrown in C:\www\php\zionlight\app\lib\classes\system\helpers\FileSystem.php on line 38
[13-Feb-2023 18:34:35 UTC] PHP Fatal error:  Uncaught Error: Class "vilshub\Helpers\Style" not found in C:\www\php\zionlight\app\lib\classes\system\helpers\FileSystem.php:40
Stack trace:
#0 C:\www\php\zionlight\app\lib\functions\system\internals.php(14): FileSystem->readContent('text', NULL, Object(Closure))
#1 C:\www\php\zionlight\app\lib\classes\system\core\App.php(276): loadEnv('C:\\www\\php\\zion...')
#2 C:\www\php\zionlight\app\init.php(17): App::initialize(Object(stdClass))
#3 C:\www\php\zionlight\public\index.php(1): require_once('C:\\www\\php\\zion...')
#4 {main}
  thrown in C:\www\php\zionlight\app\lib\classes\system\helpers\FileSystem.php on line 40
[13-Feb-2023 18:34:36 UTC] PHP Fatal error:  Uncaught Error: Class "vilshub\Helpers\Style" not found in C:\www\php\zionlight\app\lib\classes\system\helpers\FileSystem.php:40
Stack trace:
#0 C:\www\php\zionlight\app\lib\functions\system\internals.php(14): FileSystem->readContent('text', NULL, Object(Closure))
#1 C:\www\php\zionlight\app\lib\classes\system\core\App.php(276): loadEnv('C:\\www\\php\\zion...')
#2 C:\www\php\zionlight\app\init.php(17): App::initialize(Object(stdClass))
#3 C:\www\php\zionlight\public\index.php(1): require_once('C:\\www\\php\\zion...')
#4 {main}
  thrown in C:\www\php\zionlight\app\lib\classes\system\helpers\FileSystem.php on line 40
[13-Feb-2023 18:35:19 UTC] PHP Fatal error:  Uncaught Error: Class "vilshub\Helpers\Style" not found in C:\www\php\zionlight\app\lib\classes\system\helpers\FileSystem.php:40
Stack trace:
#0 C:\www\php\zionlight\app\lib\functions\system\internals.php(14): FileSystem->readContent('text', NULL, Object(Closure))
#1 C:\www\php\zionlight\app\lib\classes\system\core\App.php(276): loadEnv('C:\\www\\php\\zion...')
#2 C:\www\php\zionlight\app\init.php(17): App::initialize(Object(stdClass))
#3 C:\www\php\zionlight\public\index.php(1): require_once('C:\\www\\php\\zion...')
#4 {main}
  thrown in C:\www\php\zionlight\app\lib\classes\system\helpers\FileSystem.php on line 40
[13-Feb-2023 22:40:24 UTC] PHP Fatal error:  Uncaught Error: Class "Message" not found in C:\www\php\zionlight\app\lib\classes\system\helpers\FileSystem.php:41
Stack trace:
#0 C:\www\php\zionlight\app\lib\functions\system\internals.php(14): FileSystem->readContent('text', NULL, Object(Closure))
#1 C:\www\php\zionlight\app\lib\classes\system\core\App.php(276): loadEnv('C:\\www\\php\\zion...')
#2 C:\www\php\zionlight\app\init.php(17): App::initialize(Object(stdClass))
#3 C:\www\php\zionlight\public\index.php(1): require_once('C:\\www\\php\\zion...')
#4 {main}
  thrown in C:\www\php\zionlight\app\lib\classes\system\helpers\FileSystem.php on line 41
[13-Feb-2023 22:41:28 UTC] PHP Fatal error:  Uncaught Error: Class "Message" not found in C:\www\php\zionlight\app\lib\classes\system\helpers\FileSystem.php:41
Stack trace:
#0 C:\www\php\zionlight\app\lib\functions\system\internals.php(14): FileSystem->readContent('text', NULL, Object(Closure))
#1 C:\www\php\zionlight\app\lib\classes\system\core\App.php(276): loadEnv('C:\\www\\php\\zion...')
#2 C:\www\php\zionlight\app\init.php(17): App::initialize(Object(stdClass))
#3 C:\www\php\zionlight\public\index.php(1): require_once('C:\\www\\php\\zion...')
#4 {main}
  thrown in C:\www\php\zionlight\app\lib\classes\system\helpers\FileSystem.php on line 41
[13-Feb-2023 22:41:30 UTC] PHP Fatal error:  Uncaught Error: Class "Message" not found in C:\www\php\zionlight\app\lib\classes\system\helpers\FileSystem.php:41
Stack trace:
#0 C:\www\php\zionlight\app\lib\functions\system\internals.php(14): FileSystem->readContent('text', NULL, Object(Closure))
#1 C:\www\php\zionlight\app\lib\classes\system\core\App.php(276): loadEnv('C:\\www\\php\\zion...')
#2 C:\www\php\zionlight\app\init.php(17): App::initialize(Object(stdClass))
#3 C:\www\php\zionlight\public\index.php(1): require_once('C:\\www\\php\\zion...')
#4 {main}
  thrown in C:\www\php\zionlight\app\lib\classes\system\helpers\FileSystem.php on line 41
[13-Feb-2023 22:42:20 UTC] PHP Fatal error:  Uncaught ArgumentCountError: Too few arguments to function listen(), 4 passed and exactly 5 expected in C:\www\php\zionlight\app\lib\classes\system\helpers\ErrorHandler.php:9
Stack trace:
#0 [internal function]: listen(1024, 'Invalid argumen...', 'C:\\Users\\Starly...', 267)
#1 C:\Users\Starlyvil\DevSpace\Libraries\php\validator\src\Validator.php(267): trigger_error('Invalid argumen...')
#2 C:\www\php\zionlight\app\lib\classes\system\helpers\FileSystem.php(56): vilshub\validator\Validator::validateFunction(NULL, 'Invalid argumen...')
#3 C:\www\php\zionlight\app\lib\functions\system\internals.php(14): FileSystem->readContent('text', NULL, Object(Closure))
#4 C:\www\php\zionlight\app\lib\classes\system\core\App.php(276): loadEnv('C:\\www\\php\\zion...')
#5 C:\www\php\zionlight\app\init.php(17): App::initialize(Object(stdClass))
#6 C:\www\php\zionlight\public\index.php(1): require_once('C:\\www\\php\\zion...')
#7 {main}
  thrown in C:\www\php\zionlight\app\lib\classes\system\helpers\ErrorHandler.php on line 9
[13-Feb-2023 22:52:51 UTC] PHP Warning:  Undefined array key "ENVIRONMENT" in C:\www\php\zionlight\app\lib\functions\system\internals.php on line 29
[13-Feb-2023 22:52:51 UTC] Invalid argument value, <span style='color:black'>FileSystem-></span><span style='color:black'>readContent(..x)</span> method argument 3 must be callable
[13-Feb-2023 22:52:51 UTC] PHP Warning:  Undefined array key "ENVIRONMENT" in C:\www\php\zionlight\app\lib\functions\system\internals.php on line 29
[13-Feb-2023 22:54:28 UTC] PHP Warning:  Undefined array key "ENVIRONMENT" in C:\www\php\zionlight\app\lib\functions\system\internals.php on line 29
[13-Feb-2023 22:54:28 UTC] Invalid argument value, <span style='color:black'>FileSystem-></span><span style='color:black'>readContent(..x)</span> method argument 3 must be callable
[13-Feb-2023 22:54:28 UTC] PHP Warning:  Undefined array key "ENVIRONMENT" in C:\www\php\zionlight\app\lib\functions\system\internals.php on line 29
[13-Feb-2023 22:55:34 UTC] Invalid argument value, <span style='color:black'>FileSystem-></span><span style='color:black'>readContent(..x)</span> method argument 3 must be callable
[13-Feb-2023 22:56:03 UTC] Invalid argument value, <span style='color:black'>FileSystem-></span><span style='color:black'>readContent(..x)</span> method argument 3 must be callable
[13-Feb-2023 22:57:39 UTC] Invalid argument value, <span style='color:black'>FileSystem-></span><span style='color:black'>readContent(..x)</span> method argument 3 must be callable
[13-Feb-2023 23:00:27 UTC] PHP Fatal error:  Uncaught TypeError: call_user_func_array(): Argument #2 ($args) must be of type array, string given in C:\www\php\zionlight\app\lib\classes\system\helpers\FileSystem.php:29
Stack trace:
#0 C:\www\php\zionlight\app\lib\classes\system\helpers\FileSystem.php(76): FileSystem::executeCallBack(Object(Closure), 'ENVIRONMENT    ...')
#1 C:\www\php\zionlight\app\lib\functions\system\internals.php(14): FileSystem->readContent('text', NULL, Object(Closure))
#2 C:\www\php\zionlight\app\lib\classes\system\core\App.php(276): loadEnv('C:\\www\\php\\zion...')
#3 C:\www\php\zionlight\app\init.php(17): App::initialize(Object(stdClass))
#4 C:\www\php\zionlight\public\index.php(1): require_once('C:\\www\\php\\zion...')
#5 {main}
  thrown in C:\www\php\zionlight\app\lib\classes\system\helpers\FileSystem.php on line 29
[16-Feb-2023 23:18:13 UTC] PHP Deprecated:  Creation of dynamic property Loader::$appConfig is deprecated in C:\www\php\zionlight\app\lib\classes\system\helpers\Loader.php on line 18
[16-Feb-2023 23:18:13 UTC] PHP Deprecated:  Optional parameter $fileName declared before required parameter $displayBase is implicitly treated as a required parameter in C:\Users\Starlyvil\DevSpace\Libraries\php\router\src\Router.php on line 84
[16-Feb-2023 23:18:13 UTC] PHP Deprecated:  Optional parameter $id declared before required parameter $displayBase is implicitly treated as a required parameter in C:\Users\Starlyvil\DevSpace\Libraries\php\router\src\Router.php on line 84
[16-Feb-2023 23:18:13 UTC] PHP Deprecated:  Creation of dynamic property App::$loader is deprecated in C:\www\php\zionlight\app\lib\classes\system\core\App.php on line 15
[16-Feb-2023 23:18:13 UTC] PHP Deprecated:  Creation of dynamic property App::$config is deprecated in C:\www\php\zionlight\app\lib\classes\system\core\App.php on line 16
[16-Feb-2023 23:18:13 UTC] PHP Deprecated:  Creation of dynamic property App::$router is deprecated in C:\www\php\zionlight\app\lib\classes\system\core\App.php on line 17
[16-Feb-2023 23:18:13 UTC] PHP Warning:  Undefined array key "ENVIRONMENT" in C:\www\php\zionlight\app\lib\functions\system\internals.php on line 30
[16-Feb-2023 23:18:13 UTC] PHP Warning:  Undefined array key "DB_APP" in C:\www\php\zionlight\app\lib\functions\system\internals.php on line 30
[16-Feb-2023 23:19:46 UTC] PHP Deprecated:  Creation of dynamic property Loader::$appConfig is deprecated in C:\www\php\zionlight\app\lib\classes\system\helpers\Loader.php on line 18
[16-Feb-2023 23:19:46 UTC] PHP Deprecated:  Optional parameter $fileName declared before required parameter $displayBase is implicitly treated as a required parameter in C:\Users\Starlyvil\DevSpace\Libraries\php\router\src\Router.php on line 84
[16-Feb-2023 23:19:46 UTC] PHP Deprecated:  Optional parameter $id declared before required parameter $displayBase is implicitly treated as a required parameter in C:\Users\Starlyvil\DevSpace\Libraries\php\router\src\Router.php on line 84
[16-Feb-2023 23:19:46 UTC] PHP Deprecated:  Creation of dynamic property App::$loader is deprecated in C:\www\php\zionlight\app\lib\classes\system\core\App.php on line 15
[16-Feb-2023 23:19:46 UTC] PHP Deprecated:  Creation of dynamic property App::$config is deprecated in C:\www\php\zionlight\app\lib\classes\system\core\App.php on line 16
[16-Feb-2023 23:19:46 UTC] PHP Deprecated:  Creation of dynamic property App::$router is deprecated in C:\www\php\zionlight\app\lib\classes\system\core\App.php on line 17
[16-Feb-2023 23:19:46 UTC] PHP Warning:  Undefined array key "ENVIRONMENT" in C:\www\php\zionlight\app\lib\functions\system\internals.php on line 30
[16-Feb-2023 23:19:46 UTC] PHP Warning:  Undefined array key "DB_APP" in C:\www\php\zionlight\app\lib\functions\system\internals.php on line 30
[16-Feb-2023 23:23:26 UTC] PHP Deprecated:  Creation of dynamic property Loader::$appConfig is deprecated in C:\www\php\zionlight\app\lib\classes\system\helpers\Loader.php on line 18
[16-Feb-2023 23:23:26 UTC] PHP Deprecated:  Creation of dynamic property App::$loader is deprecated in C:\www\php\zionlight\app\lib\classes\system\core\App.php on line 15
[16-Feb-2023 23:23:26 UTC] PHP Deprecated:  Creation of dynamic property App::$config is deprecated in C:\www\php\zionlight\app\lib\classes\system\core\App.php on line 16
[16-Feb-2023 23:23:26 UTC] PHP Deprecated:  Creation of dynamic property App::$router is deprecated in C:\www\php\zionlight\app\lib\classes\system\core\App.php on line 17
[16-Feb-2023 23:23:26 UTC] PHP Warning:  Undefined array key "ENVIRONMENT" in C:\www\php\zionlight\app\lib\functions\system\internals.php on line 30
[16-Feb-2023 23:23:26 UTC] PHP Warning:  Undefined array key "DB_APP" in C:\www\php\zionlight\app\lib\functions\system\internals.php on line 30
[16-Feb-2023 23:27:33 UTC] PHP Deprecated:  Creation of dynamic property Loader::$appConfig is deprecated in C:\www\php\zionlight\app\lib\classes\system\helpers\Loader.php on line 18
[16-Feb-2023 23:27:33 UTC] PHP Deprecated:  Creation of dynamic property App::$loader is deprecated in C:\www\php\zionlight\app\lib\classes\system\core\App.php on line 15
[16-Feb-2023 23:27:33 UTC] PHP Deprecated:  Creation of dynamic property App::$config is deprecated in C:\www\php\zionlight\app\lib\classes\system\core\App.php on line 16
[16-Feb-2023 23:27:33 UTC] PHP Deprecated:  Creation of dynamic property App::$router is deprecated in C:\www\php\zionlight\app\lib\classes\system\core\App.php on line 17
[16-Feb-2023 23:27:33 UTC] PHP Warning:  Undefined array key "ENVIRONMENT" in C:\www\php\zionlight\app\lib\functions\system\internals.php on line 30
[16-Feb-2023 23:27:33 UTC] PHP Warning:  Undefined array key "DB_APP" in C:\www\php\zionlight\app\lib\functions\system\internals.php on line 30
[16-Feb-2023 23:27:36 UTC] PHP Deprecated:  Creation of dynamic property Loader::$appConfig is deprecated in C:\www\php\zionlight\app\lib\classes\system\helpers\Loader.php on line 18
[16-Feb-2023 23:27:36 UTC] PHP Deprecated:  Creation of dynamic property App::$loader is deprecated in C:\www\php\zionlight\app\lib\classes\system\core\App.php on line 15
[16-Feb-2023 23:27:36 UTC] PHP Deprecated:  Creation of dynamic property App::$config is deprecated in C:\www\php\zionlight\app\lib\classes\system\core\App.php on line 16
[16-Feb-2023 23:27:36 UTC] PHP Deprecated:  Creation of dynamic property App::$router is deprecated in C:\www\php\zionlight\app\lib\classes\system\core\App.php on line 17
[16-Feb-2023 23:27:36 UTC] PHP Warning:  Undefined array key "ENVIRONMENT" in C:\www\php\zionlight\app\lib\functions\system\internals.php on line 30
[16-Feb-2023 23:27:36 UTC] PHP Warning:  Undefined array key "DB_APP" in C:\www\php\zionlight\app\lib\functions\system\internals.php on line 30
[16-Feb-2023 23:29:05 UTC] PHP Deprecated:  Creation of dynamic property App::$loader is deprecated in C:\www\php\zionlight\app\lib\classes\system\core\App.php on line 15
[16-Feb-2023 23:29:05 UTC] PHP Deprecated:  Creation of dynamic property App::$config is deprecated in C:\www\php\zionlight\app\lib\classes\system\core\App.php on line 16
[16-Feb-2023 23:29:05 UTC] PHP Deprecated:  Creation of dynamic property App::$router is deprecated in C:\www\php\zionlight\app\lib\classes\system\core\App.php on line 17
[16-Feb-2023 23:29:05 UTC] PHP Warning:  Undefined array key "ENVIRONMENT" in C:\www\php\zionlight\app\lib\functions\system\internals.php on line 30
[16-Feb-2023 23:29:05 UTC] PHP Warning:  Undefined array key "DB_APP" in C:\www\php\zionlight\app\lib\functions\system\internals.php on line 30
[16-Feb-2023 23:30:08 UTC] PHP Fatal error:  Uncaught Error: Cannot access private property App::$router in C:\www\php\zionlight\app\init.php:27
Stack trace:
#0 C:\www\php\zionlight\public\index.php(1): require_once()
#1 {main}
  thrown in C:\www\php\zionlight\app\init.php on line 27
[16-Feb-2023 23:30:26 UTC] PHP Warning:  Undefined array key "ENVIRONMENT" in C:\www\php\zionlight\app\lib\functions\system\internals.php on line 30
[16-Feb-2023 23:30:26 UTC] PHP Warning:  Undefined array key "DB_APP" in C:\www\php\zionlight\app\lib\functions\system\internals.php on line 30
[16-Feb-2023 23:32:24 UTC] PHP Fatal error:  Uncaught Error: Call to undefined function loadgetEnv() in C:\www\php\zionlight\app\lib\classes\system\core\App.php:277
Stack trace:
#0 C:\www\php\zionlight\app\init.php(17): App::initialize(Object(stdClass))
#1 C:\www\php\zionlight\public\index.php(1): require_once('C:\\www\\php\\zion...')
#2 {main}
  thrown in C:\www\php\zionlight\app\lib\classes\system\core\App.php on line 277
[16-Feb-2023 23:34:06 UTC] PHP Warning:  Undefined array key "ENVIRONMENT" in C:\www\php\zionlight\app\lib\functions\system\internals.php on line 30
[16-Feb-2023 23:34:06 UTC] PHP Warning:  Undefined array key "DB_APP" in C:\www\php\zionlight\app\lib\functions\system\internals.php on line 30
[16-Feb-2023 23:34:46 UTC] PHP Warning:  Undefined array key "DB_APP" in C:\www\php\zionlight\app\lib\functions\system\internals.php on line 30
[16-Feb-2023 23:34:48 UTC] PHP Warning:  Undefined array key "DB_APP" in C:\www\php\zionlight\app\lib\functions\system\internals.php on line 30
[16-Feb-2023 23:34:50 UTC] PHP Warning:  Undefined array key "DB_APP" in C:\www\php\zionlight\app\lib\functions\system\internals.php on line 30
[16-Feb-2023 23:34:53 UTC] PHP Warning:  Undefined array key "DB_APP" in C:\www\php\zionlight\app\lib\functions\system\internals.php on line 30
[16-Feb-2023 23:34:56 UTC] PHP Warning:  Undefined array key "DB_APP" in C:\www\php\zionlight\app\lib\functions\system\internals.php on line 30
[16-Feb-2023 23:34:59 UTC] PHP Warning:  Undefined array key "DB_APP" in C:\www\php\zionlight\app\lib\functions\system\internals.php on line 30
[16-Feb-2023 23:35:09 UTC] PHP Warning:  Undefined array key "DB_APP" in C:\www\php\zionlight\app\lib\functions\system\internals.php on line 30
[16-Feb-2023 23:35:12 UTC] PHP Warning:  Undefined array key "DB_APP" in C:\www\php\zionlight\app\lib\functions\system\internals.php on line 30
[16-Feb-2023 23:35:15 UTC] PHP Warning:  Undefined array key "DB_APP" in C:\www\php\zionlight\app\lib\functions\system\internals.php on line 30
[16-Feb-2023 23:35:18 UTC] PHP Warning:  Undefined array key "DB_APP" in C:\www\php\zionlight\app\lib\functions\system\internals.php on line 30
